Flutter crash report.
Please report a bug at https://github.com/flutter/flutter/issues.

## command

flutter run --machine --target lib/main.dart -d emulator-5554 --dart-define=flutter.inspector.structuredErrors=true --start-paused --web-server-debug-protocol ws --web-allow-expose-url --devtools-server-address http://127.0.0.1:9101/

## exception

SentinelException: [Sentinel kind: Collected, valueAsString: <collected>] from getIsolate()

```
```

## flutter doctor

```
[✓] Flutter (Channel beta, 2.2.0-10.1.pre, on Mac OS X 10.15.7 19H15 darwin-x64, locale en-TH)
    • Flutter version 2.2.0-10.1.pre at /Users/gamewan/flutter
    • Framework revision 0941968447 (6 days ago), 2021-04-15 12:01:02 -0700
    • Engine revision d2a2e93510
    • Dart version 2.13.0 (build 2.13.0-211.6.beta)

[✓] Android toolchain - develop for Android devices (Android SDK version 30.0.3)
    • Android SDK at /Users/gamewan/Library/Android/sdk
    • Platform android-30, build-tools 30.0.3
    • Java binary at: /Applications/Android Studio.app/Contents/jre/jdk/Contents/Home/bin/java
    • Java version OpenJDK Runtime Environment (build 1.8.0_242-release-1644-b3-6915495)
    • All Android licenses accepted.

[✓] Xcode - develop for iOS and macOS
    • Xcode at /Applications/Xcode.app/Contents/Developer
    • Xcode 12.4, Build version 12D4e
    • CocoaPods version 1.10.1

[✓] Chrome - develop for the web
    • Chrome at /Applications/Google Chrome.app/Contents/MacOS/Google Chrome

[✓] Android Studio (version 4.1)
    • Android Studio at /Applications/Android Studio.app/Contents
    • Flutter plugin can be installed from:
      🔨 https://plugins.jetbrains.com/plugin/9212-flutter
    • Dart plugin can be installed from:
      🔨 https://plugins.jetbrains.com/plugin/6351-dart
    • Java version OpenJDK Runtime Environment (build 1.8.0_242-release-1644-b3-6915495)

[✓] VS Code (version 1.55.2)
    • VS Code at /Applications/Visual Studio Code.app/Contents
    • Flutter extension version 3.21.0

[✓] Connected device (2 available)
    • Android SDK built for x86 (mobile) • emulator-5554 • android-x86    • Android 8.1.0 (API 27) (emulator)
    • Chrome (web)                       • chrome        • web-javascript • Google Chrome 89.0.4389.128

• No issues found!
```
